<?xml version="1.0" encoding="UTF-8"?>
<testsuite xmlns:xsi="http://www.w3.org/2001/XMLSchema-instance" xsi:noNamespaceSchemaLocation="https://maven.apache.org/surefire/maven-surefire-plugin/xsd/surefire-test-report-3.0.xsd" version="3.0" name="ie.gmit.UserTest" time="0.024" tests="18" errors="0" skipped="0" failures="0">
  <properties>
[...]
</properties>
  <testcase name="testUserTitlePassMr" classname="ie.gmit.UserTest" time="0.001"/>
  <testcase name="testUserPasswordFailName" classname="ie.gmit.UserTest" time="0.002"/>
  <testcase name="testUserTitlePassMrs" classname="ie.gmit.UserTest" time="0.001"/>
  <testcase name="testUserLocationFail" classname="ie.gmit.UserTest" time="0.001"/>
  <testcase name="testUserLocationPass" classname="ie.gmit.UserTest" time="0.001"/>
  <testcase name="testUserPhoneFail" classname="ie.gmit.UserTest" time="0.001"/>
  <testcase name="testUserPhonePass" classname="ie.gmit.UserTest" time="0.001"/>
  <testcase name="testUserPasswordPass" classname="ie.gmit.UserTest" time="0"/>
  <testcase name="testUserIdFail" classname="ie.gmit.UserTest" time="0"/>
  <testcase name="testUserIdPass" classname="ie.gmit.UserTest" time="0"/>
  <testcase name="testUserPasswordFailUnder8" classname="ie.gmit.UserTest" time="0.001"/>
  <testcase name="testUserNameFailOver22" classname="ie.gmit.UserTest" time="0.001"/>
  <testcase name="testUserNameFailUnder5" classname="ie.gmit.UserTest" time="0.001"/>
  <testcase name="testUserEmailFail" classname="ie.gmit.UserTest" time="0.001"/>
  <testcase name="testUserEmailPass" classname="ie.gmit.UserTest" time="0"/>
  <testcase name="testUserTitleFail" classname="ie.gmit.UserTest" time="0"/>
  <testcase name="testUserTitlePassMiss" classname="ie.gmit.UserTest" time="0"/>
  <testcase name="testUserNamePass" classname="ie.gmit.UserTest" time="0.001"/>
</testsuite>